2022-11-14 00:00:06.915  INFO 14152 --- [main] com.nli.probation.ProbationApplication   : Starting ProbationApplication using Java 17.0.5 on 5CD1199VWM with PID 14152 (F:\Projects\probation_mongodb\build\classes\java\main started by tuanmle in F:\Projects\probation_mongodb)
2022-11-14 00:00:06.928 DEBUG 14152 --- [main] com.nli.probation.ProbationApplication   : Running with Spring Boot v2.4.5, Spring v5.3.6
2022-11-14 00:00:06.928  INFO 14152 --- [main] com.nli.probation.ProbationApplication   : No active profile set, falling back to default profiles: default
2022-11-14 00:00:07.694  INFO 14152 --- [main] .s.d.r.c.RepositoryConfigurationDelegate : Bootstrapping Spring Data MongoDB repositories in DEFAULT mode.
2022-11-14 00:00:07.752  INFO 14152 --- [main] .s.d.r.c.RepositoryConfigurationDelegate : Finished Spring Data repository scanning in 53 ms. Found 5 MongoDB repository interfaces.
2022-11-14 00:00:08.055  INFO 14152 --- [main] o.s.b.w.embedded.tomcat.TomcatWebServer  : Tomcat initialized with port(s): 8080 (http)
2022-11-14 00:00:08.060  INFO 14152 --- [main] o.apache.catalina.core.StandardService   : Starting service [Tomcat]
2022-11-14 00:00:08.060  INFO 14152 --- [main] org.apache.catalina.core.StandardEngine  : Starting Servlet engine: [Apache Tomcat/9.0.45]
2022-11-14 00:00:08.133  INFO 14152 --- [main] o.a.c.c.C.[Tomcat].[localhost].[/]       : Initializing Spring embedded WebApplicationContext
2022-11-14 00:00:08.133  INFO 14152 --- [main] w.s.c.ServletWebServerApplicationContext : Root WebApplicationContext: initialization completed in 1155 ms
2022-11-14 00:00:08.238  INFO 14152 --- [main] org.mongodb.driver.cluster               : Cluster created with settings {hosts=[localhost:27017], mode=SINGLE, requiredClusterType=UNKNOWN, serverSelectionTimeout='30000 ms'}
2022-11-14 00:00:08.276  INFO 14152 --- [cluster-rtt-ClusterId{value='63712298480887546d059938', description='null'}-localhost:27017] org.mongodb.driver.connection            : Opened connection [connectionId{localValue:2, serverValue:297}] to localhost:27017
2022-11-14 00:00:08.276  INFO 14152 --- [cluster-ClusterId{value='63712298480887546d059938', description='null'}-localhost:27017] org.mongodb.driver.connection            : Opened connection [connectionId{localValue:1, serverValue:296}] to localhost:27017
2022-11-14 00:00:08.276  INFO 14152 --- [cluster-ClusterId{value='63712298480887546d059938', description='null'}-localhost:27017] org.mongodb.driver.cluster               : Monitor thread successfully connected to server with description ServerDescription{address=localhost:27017, type=STANDALONE, state=CONNECTED, ok=true, minWireVersion=0, maxWireVersion=17, maxDocumentSize=16777216, logicalSessionTimeoutMinutes=30, roundTripTimeNanos=15291700}
2022-11-14 00:00:08.725  INFO 14152 --- [main] o.s.s.concurrent.ThreadPoolTaskExecutor  : Initializing ExecutorService 'applicationTaskExecutor'
2022-11-14 00:00:08.851  INFO 14152 --- [main] o.s.b.w.embedded.tomcat.TomcatWebServer  : Tomcat started on port(s): 8080 (http) with context path ''
2022-11-14 00:00:09.068  INFO 14152 --- [main] com.nli.probation.ProbationApplication   : Started ProbationApplication in 2.386 seconds (JVM running for 2.839)
2022-11-14 00:00:11.835  INFO 14152 --- [http-nio-8080-exec-1] o.a.c.c.C.[Tomcat].[localhost].[/]       : Initializing Spring DispatcherServlet 'dispatcherServlet'
2022-11-14 00:00:11.836  INFO 14152 --- [http-nio-8080-exec-1] o.s.web.servlet.DispatcherServlet        : Initializing Servlet 'dispatcherServlet'
2022-11-14 00:00:11.836  INFO 14152 --- [http-nio-8080-exec-1] o.s.web.servlet.DispatcherServlet        : Completed initialization in 0 ms
2022-11-14 00:00:38.464  INFO 14152 --- [http-nio-8080-exec-7] org.mongodb.driver.connection            : Opened connection [connectionId{localValue:3, serverValue:298}] to localhost:27017
2022-11-14 00:01:14.613  INFO 14152 --- [SpringContextShutdownHook] o.s.s.concurrent.ThreadPoolTaskExecutor  : Shutting down ExecutorService 'applicationTaskExecutor'
2022-11-14 00:01:14.617  INFO 14152 --- [SpringContextShutdownHook] org.mongodb.driver.connection            : Closed connection [connectionId{localValue:3, serverValue:298}] to localhost:27017 because the pool has been closed.
2022-11-14 00:01:18.174  INFO 6780 --- [main] com.nli.probation.ProbationApplication   : Starting ProbationApplication using Java 17.0.5 on 5CD1199VWM with PID 6780 (F:\Projects\probation_mongodb\build\classes\java\main started by tuanmle in F:\Projects\probation_mongodb)
2022-11-14 00:01:18.177 DEBUG 6780 --- [main] com.nli.probation.ProbationApplication   : Running with Spring Boot v2.4.5, Spring v5.3.6
2022-11-14 00:01:18.178  INFO 6780 --- [main] com.nli.probation.ProbationApplication   : No active profile set, falling back to default profiles: default
2022-11-14 00:01:18.725  INFO 6780 --- [main] .s.d.r.c.RepositoryConfigurationDelegate : Bootstrapping Spring Data MongoDB repositories in DEFAULT mode.
2022-11-14 00:01:18.769  INFO 6780 --- [main] .s.d.r.c.RepositoryConfigurationDelegate : Finished Spring Data repository scanning in 41 ms. Found 5 MongoDB repository interfaces.
2022-11-14 00:01:19.021  INFO 6780 --- [main] o.s.b.w.embedded.tomcat.TomcatWebServer  : Tomcat initialized with port(s): 8080 (http)
2022-11-14 00:01:19.026  INFO 6780 --- [main] o.apache.catalina.core.StandardService   : Starting service [Tomcat]
2022-11-14 00:01:19.026  INFO 6780 --- [main] org.apache.catalina.core.StandardEngine  : Starting Servlet engine: [Apache Tomcat/9.0.45]
2022-11-14 00:01:19.103  INFO 6780 --- [main] o.a.c.c.C.[Tomcat].[localhost].[/]       : Initializing Spring embedded WebApplicationContext
2022-11-14 00:01:19.104  INFO 6780 --- [main] w.s.c.ServletWebServerApplicationContext : Root WebApplicationContext: initialization completed in 895 ms
2022-11-14 00:01:19.213  INFO 6780 --- [main] org.mongodb.driver.cluster               : Cluster created with settings {hosts=[localhost:27017], mode=SINGLE, requiredClusterType=UNKNOWN, serverSelectionTimeout='30000 ms'}
2022-11-14 00:01:19.246  INFO 6780 --- [cluster-ClusterId{value='637122dfa90fc259911b2605', description='null'}-localhost:27017] org.mongodb.driver.connection            : Opened connection [connectionId{localValue:1, serverValue:299}] to localhost:27017
2022-11-14 00:01:19.246  INFO 6780 --- [cluster-rtt-ClusterId{value='637122dfa90fc259911b2605', description='null'}-localhost:27017] org.mongodb.driver.connection            : Opened connection [connectionId{localValue:2, serverValue:300}] to localhost:27017
2022-11-14 00:01:19.246  INFO 6780 --- [cluster-ClusterId{value='637122dfa90fc259911b2605', description='null'}-localhost:27017] org.mongodb.driver.cluster               : Monitor thread successfully connected to server with description ServerDescription{address=localhost:27017, type=STANDALONE, state=CONNECTED, ok=true, minWireVersion=0, maxWireVersion=17, maxDocumentSize=16777216, logicalSessionTimeoutMinutes=30, roundTripTimeNanos=12281400}
2022-11-14 00:01:19.708  INFO 6780 --- [main] o.s.s.concurrent.ThreadPoolTaskExecutor  : Initializing ExecutorService 'applicationTaskExecutor'
2022-11-14 00:01:19.839  INFO 6780 --- [main] o.s.b.w.embedded.tomcat.TomcatWebServer  : Tomcat started on port(s): 8080 (http) with context path ''
2022-11-14 00:01:20.062  INFO 6780 --- [main] com.nli.probation.ProbationApplication   : Started ProbationApplication in 2.096 seconds (JVM running for 2.644)
2022-11-14 00:01:22.518  INFO 6780 --- [http-nio-8080-exec-1] o.a.c.c.C.[Tomcat].[localhost].[/]       : Initializing Spring DispatcherServlet 'dispatcherServlet'
2022-11-14 00:01:22.519  INFO 6780 --- [http-nio-8080-exec-1] o.s.web.servlet.DispatcherServlet        : Initializing Servlet 'dispatcherServlet'
2022-11-14 00:01:22.519  INFO 6780 --- [http-nio-8080-exec-1] o.s.web.servlet.DispatcherServlet        : Completed initialization in 0 ms
2022-11-14 00:01:22.649  INFO 6780 --- [http-nio-8080-exec-1] org.mongodb.driver.connection            : Opened connection [connectionId{localValue:3, serverValue:301}] to localhost:27017
2022-11-14 00:02:29.585  INFO 6780 --- [SpringContextShutdownHook] o.s.s.concurrent.ThreadPoolTaskExecutor  : Shutting down ExecutorService 'applicationTaskExecutor'
2022-11-14 00:02:29.591  INFO 6780 --- [SpringContextShutdownHook] org.mongodb.driver.connection            : Closed connection [connectionId{localValue:3, serverValue:301}] to localhost:27017 because the pool has been closed.
2022-11-14 00:36:59.166  INFO 20576 --- [main] com.nli.probation.ProbationApplication   : Starting ProbationApplication using Java 17.0.5 on 5CD1199VWM with PID 20576 (F:\Projects\probation_mongodb\build\classes\java\main started by tuanmle in F:\Projects\probation_mongodb)
2022-11-14 00:36:59.169 DEBUG 20576 --- [main] com.nli.probation.ProbationApplication   : Running with Spring Boot v2.4.5, Spring v5.3.6
2022-11-14 00:36:59.169  INFO 20576 --- [main] com.nli.probation.ProbationApplication   : No active profile set, falling back to default profiles: default
2022-11-14 00:36:59.924  INFO 20576 --- [main] .s.d.r.c.RepositoryConfigurationDelegate : Bootstrapping Spring Data MongoDB repositories in DEFAULT mode.
2022-11-14 00:36:59.986  INFO 20576 --- [main] .s.d.r.c.RepositoryConfigurationDelegate : Finished Spring Data repository scanning in 58 ms. Found 5 MongoDB repository interfaces.
2022-11-14 00:37:00.369  INFO 20576 --- [main] o.s.b.w.embedded.tomcat.TomcatWebServer  : Tomcat initialized with port(s): 8080 (http)
2022-11-14 00:37:00.379  INFO 20576 --- [main] o.apache.catalina.core.StandardService   : Starting service [Tomcat]
2022-11-14 00:37:00.379  INFO 20576 --- [main] org.apache.catalina.core.StandardEngine  : Starting Servlet engine: [Apache Tomcat/9.0.45]
2022-11-14 00:37:00.526  INFO 20576 --- [main] o.a.c.c.C.[Tomcat].[localhost].[/]       : Initializing Spring embedded WebApplicationContext
2022-11-14 00:37:00.526  INFO 20576 --- [main] w.s.c.ServletWebServerApplicationContext : Root WebApplicationContext: initialization completed in 1313 ms
2022-11-14 00:37:00.719  INFO 20576 --- [main] org.mongodb.driver.cluster               : Cluster created with settings {hosts=[localhost:27017], mode=SINGLE, requiredClusterType=UNKNOWN, serverSelectionTimeout='30000 ms'}
2022-11-14 00:37:00.770  INFO 20576 --- [cluster-ClusterId{value='63712b3c07e490430644e593', description='null'}-localhost:27017] org.mongodb.driver.connection            : Opened connection [connectionId{localValue:1, serverValue:302}] to localhost:27017
2022-11-14 00:37:00.770  INFO 20576 --- [cluster-rtt-ClusterId{value='63712b3c07e490430644e593', description='null'}-localhost:27017] org.mongodb.driver.connection            : Opened connection [connectionId{localValue:2, serverValue:303}] to localhost:27017
2022-11-14 00:37:00.771  INFO 20576 --- [cluster-ClusterId{value='63712b3c07e490430644e593', description='null'}-localhost:27017] org.mongodb.driver.cluster               : Monitor thread successfully connected to server with description ServerDescription{address=localhost:27017, type=STANDALONE, state=CONNECTED, ok=true, minWireVersion=0, maxWireVersion=17, maxDocumentSize=16777216, logicalSessionTimeoutMinutes=30, roundTripTimeNanos=15907000}
2022-11-14 00:37:01.319  INFO 20576 --- [main] o.s.s.concurrent.ThreadPoolTaskExecutor  : Initializing ExecutorService 'applicationTaskExecutor'
2022-11-14 00:37:01.494  INFO 20576 --- [main] o.s.b.w.embedded.tomcat.TomcatWebServer  : Tomcat started on port(s): 8080 (http) with context path ''
2022-11-14 00:37:01.737  INFO 20576 --- [main] com.nli.probation.ProbationApplication   : Started ProbationApplication in 2.839 seconds (JVM running for 3.661)
2022-11-14 00:37:04.303  INFO 20576 --- [http-nio-8080-exec-2] o.a.c.c.C.[Tomcat].[localhost].[/]       : Initializing Spring DispatcherServlet 'dispatcherServlet'
2022-11-14 00:37:04.303  INFO 20576 --- [http-nio-8080-exec-2] o.s.web.servlet.DispatcherServlet        : Initializing Servlet 'dispatcherServlet'
2022-11-14 00:37:04.304  INFO 20576 --- [http-nio-8080-exec-2] o.s.web.servlet.DispatcherServlet        : Completed initialization in 1 ms
2022-11-14 00:37:42.003  INFO 20576 --- [http-nio-8080-exec-7] org.mongodb.driver.connection            : Opened connection [connectionId{localValue:3, serverValue:304}] to localhost:27017
2022-11-14 00:40:28.265  INFO 20576 --- [SpringContextShutdownHook] o.s.s.concurrent.ThreadPoolTaskExecutor  : Shutting down ExecutorService 'applicationTaskExecutor'
2022-11-14 00:40:28.270  INFO 20576 --- [SpringContextShutdownHook] org.mongodb.driver.connection            : Closed connection [connectionId{localValue:3, serverValue:304}] to localhost:27017 because the pool has been closed.
2022-11-14 00:40:31.488  INFO 16764 --- [main] com.nli.probation.ProbationApplication   : Starting ProbationApplication using Java 17.0.5 on 5CD1199VWM with PID 16764 (F:\Projects\probation_mongodb\build\classes\java\main started by tuanmle in F:\Projects\probation_mongodb)
2022-11-14 00:40:31.489 DEBUG 16764 --- [main] com.nli.probation.ProbationApplication   : Running with Spring Boot v2.4.5, Spring v5.3.6
2022-11-14 00:40:31.489  INFO 16764 --- [main] com.nli.probation.ProbationApplication   : No active profile set, falling back to default profiles: default
2022-11-14 00:40:32.055  INFO 16764 --- [main] .s.d.r.c.RepositoryConfigurationDelegate : Bootstrapping Spring Data MongoDB repositories in DEFAULT mode.
2022-11-14 00:40:32.101  INFO 16764 --- [main] .s.d.r.c.RepositoryConfigurationDelegate : Finished Spring Data repository scanning in 44 ms. Found 5 MongoDB repository interfaces.
2022-11-14 00:40:32.378  INFO 16764 --- [main] o.s.b.w.embedded.tomcat.TomcatWebServer  : Tomcat initialized with port(s): 8080 (http)
2022-11-14 00:40:32.383  INFO 16764 --- [main] o.apache.catalina.core.StandardService   : Starting service [Tomcat]
2022-11-14 00:40:32.383  INFO 16764 --- [main] org.apache.catalina.core.StandardEngine  : Starting Servlet engine: [Apache Tomcat/9.0.45]
2022-11-14 00:40:32.455  INFO 16764 --- [main] o.a.c.c.C.[Tomcat].[localhost].[/]       : Initializing Spring embedded WebApplicationContext
2022-11-14 00:40:32.456  INFO 16764 --- [main] w.s.c.ServletWebServerApplicationContext : Root WebApplicationContext: initialization completed in 938 ms
2022-11-14 00:40:32.573  INFO 16764 --- [main] org.mongodb.driver.cluster               : Cluster created with settings {hosts=[localhost:27017], mode=SINGLE, requiredClusterType=UNKNOWN, serverSelectionTimeout='30000 ms'}
2022-11-14 00:40:32.614  INFO 16764 --- [cluster-rtt-ClusterId{value='63712c10c227c85739844e37', description='null'}-localhost:27017] org.mongodb.driver.connection            : Opened connection [connectionId{localValue:1, serverValue:306}] to localhost:27017
2022-11-14 00:40:32.614  INFO 16764 --- [cluster-ClusterId{value='63712c10c227c85739844e37', description='null'}-localhost:27017] org.mongodb.driver.connection            : Opened connection [connectionId{localValue:2, serverValue:305}] to localhost:27017
2022-11-14 00:40:32.614  INFO 16764 --- [cluster-ClusterId{value='63712c10c227c85739844e37', description='null'}-localhost:27017] org.mongodb.driver.cluster               : Monitor thread successfully connected to server with description ServerDescription{address=localhost:27017, type=STANDALONE, state=CONNECTED, ok=true, minWireVersion=0, maxWireVersion=17, maxDocumentSize=16777216, logicalSessionTimeoutMinutes=30, roundTripTimeNanos=18005900}
2022-11-14 00:40:33.050  INFO 16764 --- [main] o.s.s.concurrent.ThreadPoolTaskExecutor  : Initializing ExecutorService 'applicationTaskExecutor'
2022-11-14 00:40:33.167  INFO 16764 --- [main] o.s.b.w.embedded.tomcat.TomcatWebServer  : Tomcat started on port(s): 8080 (http) with context path ''
2022-11-14 00:40:33.372  INFO 16764 --- [main] com.nli.probation.ProbationApplication   : Started ProbationApplication in 2.108 seconds (JVM running for 2.552)
2022-11-14 00:40:38.220  INFO 16764 --- [http-nio-8080-exec-1] o.a.c.c.C.[Tomcat].[localhost].[/]       : Initializing Spring DispatcherServlet 'dispatcherServlet'
2022-11-14 00:40:38.221  INFO 16764 --- [http-nio-8080-exec-1] o.s.web.servlet.DispatcherServlet        : Initializing Servlet 'dispatcherServlet'
2022-11-14 00:40:38.223  INFO 16764 --- [http-nio-8080-exec-1] o.s.web.servlet.DispatcherServlet        : Completed initialization in 2 ms
2022-11-14 00:40:49.029  INFO 16764 --- [SpringContextShutdownHook] o.s.s.concurrent.ThreadPoolTaskExecutor  : Shutting down ExecutorService 'applicationTaskExecutor'
2022-11-14 00:46:07.991  INFO 2788 --- [main] com.nli.probation.ProbationApplication   : Starting ProbationApplication using Java 17.0.5 on 5CD1199VWM with PID 2788 (F:\Projects\probation_mongodb\build\classes\java\main started by tuanmle in F:\Projects\probation_mongodb)
2022-11-14 00:46:07.993 DEBUG 2788 --- [main] com.nli.probation.ProbationApplication   : Running with Spring Boot v2.4.5, Spring v5.3.6
2022-11-14 00:46:07.993  INFO 2788 --- [main] com.nli.probation.ProbationApplication   : No active profile set, falling back to default profiles: default
2022-11-14 00:46:08.516  INFO 2788 --- [main] .s.d.r.c.RepositoryConfigurationDelegate : Bootstrapping Spring Data MongoDB repositories in DEFAULT mode.
2022-11-14 00:46:08.588  INFO 2788 --- [main] .s.d.r.c.RepositoryConfigurationDelegate : Finished Spring Data repository scanning in 70 ms. Found 5 MongoDB repository interfaces.
2022-11-14 00:46:08.907  INFO 2788 --- [main] o.s.b.w.embedded.tomcat.TomcatWebServer  : Tomcat initialized with port(s): 8080 (http)
2022-11-14 00:46:08.912  INFO 2788 --- [main] o.apache.catalina.core.StandardService   : Starting service [Tomcat]
2022-11-14 00:46:08.912  INFO 2788 --- [main] org.apache.catalina.core.StandardEngine  : Starting Servlet engine: [Apache Tomcat/9.0.45]
2022-11-14 00:46:08.983  INFO 2788 --- [main] o.a.c.c.C.[Tomcat].[localhost].[/]       : Initializing Spring embedded WebApplicationContext
2022-11-14 00:46:08.983  INFO 2788 --- [main] w.s.c.ServletWebServerApplicationContext : Root WebApplicationContext: initialization completed in 960 ms
2022-11-14 00:46:09.091  INFO 2788 --- [main] org.mongodb.driver.cluster               : Cluster created with settings {hosts=[localhost:27017], mode=SINGLE, requiredClusterType=UNKNOWN, serverSelectionTimeout='30000 ms'}
2022-11-14 00:46:09.135  INFO 2788 --- [cluster-rtt-ClusterId{value='63712d61148d6a5759e0bb28', description='null'}-localhost:27017] org.mongodb.driver.connection            : Opened connection [connectionId{localValue:1, serverValue:308}] to localhost:27017
2022-11-14 00:46:09.135  INFO 2788 --- [cluster-ClusterId{value='63712d61148d6a5759e0bb28', description='null'}-localhost:27017] org.mongodb.driver.connection            : Opened connection [connectionId{localValue:2, serverValue:307}] to localhost:27017
2022-11-14 00:46:09.135  INFO 2788 --- [cluster-ClusterId{value='63712d61148d6a5759e0bb28', description='null'}-localhost:27017] org.mongodb.driver.cluster               : Monitor thread successfully connected to server with description ServerDescription{address=localhost:27017, type=STANDALONE, state=CONNECTED, ok=true, minWireVersion=0, maxWireVersion=17, maxDocumentSize=16777216, logicalSessionTimeoutMinutes=30, roundTripTimeNanos=16705900}
2022-11-14 00:46:09.653  INFO 2788 --- [main] o.s.s.concurrent.ThreadPoolTaskExecutor  : Initializing ExecutorService 'applicationTaskExecutor'
2022-11-14 00:46:09.790  INFO 2788 --- [main] o.s.b.w.embedded.tomcat.TomcatWebServer  : Tomcat started on port(s): 8080 (http) with context path ''
2022-11-14 00:46:10.030  INFO 2788 --- [main] com.nli.probation.ProbationApplication   : Started ProbationApplication in 2.261 seconds (JVM running for 2.688)
2022-11-14 00:48:56.965  INFO 2788 --- [http-nio-8080-exec-1] o.a.c.c.C.[Tomcat].[localhost].[/]       : Initializing Spring DispatcherServlet 'dispatcherServlet'
2022-11-14 00:48:56.965  INFO 2788 --- [http-nio-8080-exec-1] o.s.web.servlet.DispatcherServlet        : Initializing Servlet 'dispatcherServlet'
2022-11-14 00:48:56.968  INFO 2788 --- [http-nio-8080-exec-1] o.s.web.servlet.DispatcherServlet        : Completed initialization in 3 ms
2022-11-14 00:48:57.146  INFO 2788 --- [http-nio-8080-exec-1] org.mongodb.driver.connection            : Opened connection [connectionId{localValue:3, serverValue:309}] to localhost:27017
2022-11-14 00:57:01.418  INFO 2788 --- [SpringContextShutdownHook] o.s.s.concurrent.ThreadPoolTaskExecutor  : Shutting down ExecutorService 'applicationTaskExecutor'
2022-11-14 00:57:01.423  INFO 2788 --- [SpringContextShutdownHook] org.mongodb.driver.connection            : Closed connection [connectionId{localValue:3, serverValue:309}] to localhost:27017 because the pool has been closed.
2022-11-14 00:57:05.273  INFO 22156 --- [main] com.nli.probation.ProbationApplication   : Starting ProbationApplication using Java 17.0.5 on 5CD1199VWM with PID 22156 (F:\Projects\probation_mongodb\build\classes\java\main started by tuanmle in F:\Projects\probation_mongodb)
2022-11-14 00:57:05.274 DEBUG 22156 --- [main] com.nli.probation.ProbationApplication   : Running with Spring Boot v2.4.5, Spring v5.3.6
2022-11-14 00:57:05.274  INFO 22156 --- [main] com.nli.probation.ProbationApplication   : No active profile set, falling back to default profiles: default
2022-11-14 00:57:05.850  INFO 22156 --- [main] .s.d.r.c.RepositoryConfigurationDelegate : Bootstrapping Spring Data MongoDB repositories in DEFAULT mode.
2022-11-14 00:57:05.896  INFO 22156 --- [main] .s.d.r.c.RepositoryConfigurationDelegate : Finished Spring Data repository scanning in 43 ms. Found 5 MongoDB repository interfaces.
2022-11-14 00:57:06.154  INFO 22156 --- [main] o.s.b.w.embedded.tomcat.TomcatWebServer  : Tomcat initialized with port(s): 8080 (http)
2022-11-14 00:57:06.160  INFO 22156 --- [main] o.apache.catalina.core.StandardService   : Starting service [Tomcat]
2022-11-14 00:57:06.160  INFO 22156 --- [main] org.apache.catalina.core.StandardEngine  : Starting Servlet engine: [Apache Tomcat/9.0.45]
2022-11-14 00:57:06.240  INFO 22156 --- [main] o.a.c.c.C.[Tomcat].[localhost].[/]       : Initializing Spring embedded WebApplicationContext
2022-11-14 00:57:06.240  INFO 22156 --- [main] w.s.c.ServletWebServerApplicationContext : Root WebApplicationContext: initialization completed in 937 ms
2022-11-14 00:57:06.353  INFO 22156 --- [main] org.mongodb.driver.cluster               : Cluster created with settings {hosts=[localhost:27017], mode=SINGLE, requiredClusterType=UNKNOWN, serverSelectionTimeout='30000 ms'}
2022-11-14 00:57:06.387  INFO 22156 --- [cluster-rtt-ClusterId{value='63712ff2a9e36e3082dc8edd', description='null'}-localhost:27017] org.mongodb.driver.connection            : Opened connection [connectionId{localValue:2, serverValue:310}] to localhost:27017
2022-11-14 00:57:06.387  INFO 22156 --- [cluster-ClusterId{value='63712ff2a9e36e3082dc8edd', description='null'}-localhost:27017] org.mongodb.driver.connection            : Opened connection [connectionId{localValue:1, serverValue:311}] to localhost:27017
2022-11-14 00:57:06.387  INFO 22156 --- [cluster-ClusterId{value='63712ff2a9e36e3082dc8edd', description='null'}-localhost:27017] org.mongodb.driver.cluster               : Monitor thread successfully connected to server with description ServerDescription{address=localhost:27017, type=STANDALONE, state=CONNECTED, ok=true, minWireVersion=0, maxWireVersion=17, maxDocumentSize=16777216, logicalSessionTimeoutMinutes=30, roundTripTimeNanos=11878000}
2022-11-14 00:57:06.813  INFO 22156 --- [main] o.s.s.concurrent.ThreadPoolTaskExecutor  : Initializing ExecutorService 'applicationTaskExecutor'
2022-11-14 00:57:06.931  INFO 22156 --- [main] o.s.b.w.embedded.tomcat.TomcatWebServer  : Tomcat started on port(s): 8080 (http) with context path ''
2022-11-14 00:57:07.146  INFO 22156 --- [main] com.nli.probation.ProbationApplication   : Started ProbationApplication in 2.104 seconds (JVM running for 2.567)
2022-11-14 00:57:22.448  INFO 22156 --- [http-nio-8080-exec-1] o.a.c.c.C.[Tomcat].[localhost].[/]       : Initializing Spring DispatcherServlet 'dispatcherServlet'
2022-11-14 00:57:22.448  INFO 22156 --- [http-nio-8080-exec-1] o.s.web.servlet.DispatcherServlet        : Initializing Servlet 'dispatcherServlet'
2022-11-14 00:57:22.449  INFO 22156 --- [http-nio-8080-exec-1] o.s.web.servlet.DispatcherServlet        : Completed initialization in 1 ms
2022-11-14 00:57:22.580  INFO 22156 --- [http-nio-8080-exec-1] org.mongodb.driver.connection            : Opened connection [connectionId{localValue:3, serverValue:312}] to localhost:27017
2022-11-14 00:58:11.244  INFO 22156 --- [SpringContextShutdownHook] o.s.s.concurrent.ThreadPoolTaskExecutor  : Shutting down ExecutorService 'applicationTaskExecutor'
2022-11-14 00:58:11.249  INFO 22156 --- [SpringContextShutdownHook] org.mongodb.driver.connection            : Closed connection [connectionId{localValue:3, serverValue:312}] to localhost:27017 because the pool has been closed.
